Performing C SOURCE FILE Test CMAKE_HAVE_LIBC_PTHREAD failed with the following output:
Change Dir: /content/drive/MyDrive/אוניברסיטה/תואר שני/בינתחומי/NLP/final_project/diffvg/build/temp.linux-x86_64-3.7/CMakeFiles/CMakeTmp

Run Build Command(s):/usr/bin/make -f Makefile cmTC_24d40/fast && /usr/bin/make  -f CMakeFiles/cmTC_24d40.dir/build.make CMakeFiles/cmTC_24d40.dir/build
make[1]: Entering directory '/content/drive/MyDrive/אוניברסיטה/תואר שני/בינתחומי/NLP/final_project/diffvg/build/temp.linux-x86_64-3.7/CMakeFiles/CMakeTmp'
Building C object CMakeFiles/cmTC_24d40.dir/src.c.o
/usr/bin/cc -DCMAKE_HAVE_LIBC_PTHREAD  -fPIC  -o CMakeFiles/cmTC_24d40.dir/src.c.o -c "/content/drive/MyDrive/אוניברסיטה/תואר שני/בינתחומי/NLP/final_project/diffvg/build/temp.linux-x86_64-3.7/CMakeFiles/CMakeTmp/src.c"
Linking C executable cmTC_24d40
/usr/local/lib/python3.7/dist-packages/cmake/data/bin/cmake -E cmake_link_script CMakeFiles/cmTC_24d40.dir/link.txt --verbose=1
/usr/bin/cc -fPIC  CMakeFiles/cmTC_24d40.dir/src.c.o -o cmTC_24d40 
CMakeFiles/cmTC_24d40.dir/src.c.o: In function `main':
src.c:(.text+0x3e): undefined reference to `pthread_create'
src.c:(.text+0x4a): undefined reference to `pthread_detach'
src.c:(.text+0x56): undefined reference to `pthread_cancel'
src.c:(.text+0x67): undefined reference to `pthread_join'
src.c:(.text+0x7b): undefined reference to `pthread_atfork'
collect2: error: ld returned 1 exit status
CMakeFiles/cmTC_24d40.dir/build.make:98: recipe for target 'cmTC_24d40' failed
make[1]: *** [cmTC_24d40] Error 1
make[1]: Leaving directory '/content/drive/MyDrive/אוניברסיטה/תואר שני/בינתחומי/NLP/final_project/diffvg/build/temp.linux-x86_64-3.7/CMakeFiles/CMakeTmp'
Makefile:127: recipe for target 'cmTC_24d40/fast' failed
make: *** [cmTC_24d40/fast] Error 2


Source file was:
#include <pthread.h>

static void* test_func(void* data)
{
  return data;
}

int main(void)
{
  pthread_t thread;
  pthread_create(&thread, NULL, test_func, NULL);
  pthread_detach(thread);
  pthread_cancel(thread);
  pthread_join(thread, NULL);
  pthread_atfork(NULL, NULL, NULL);
  pthread_exit(NULL);

  return 0;
}

Determining if the function pthread_create exists in the pthreads failed with the following output:
Change Dir: /content/drive/MyDrive/אוניברסיטה/תואר שני/בינתחומי/NLP/final_project/diffvg/build/temp.linux-x86_64-3.7/CMakeFiles/CMakeTmp

Run Build Command(s):/usr/bin/make -f Makefile cmTC_54fad/fast && /usr/bin/make  -f CMakeFiles/cmTC_54fad.dir/build.make CMakeFiles/cmTC_54fad.dir/build
make[1]: Entering directory '/content/drive/MyDrive/אוניברסיטה/תואר שני/בינתחומי/NLP/final_project/diffvg/build/temp.linux-x86_64-3.7/CMakeFiles/CMakeTmp'
Building C object CMakeFiles/cmTC_54fad.dir/CheckFunctionExists.c.o
/usr/bin/cc   -fPIC -DCHECK_FUNCTION_EXISTS=pthread_create -o CMakeFiles/cmTC_54fad.dir/CheckFunctionExists.c.o -c /usr/local/lib/python3.7/dist-packages/cmake/data/share/cmake-3.22/Modules/CheckFunctionExists.c
Linking C executable cmTC_54fad
/usr/local/lib/python3.7/dist-packages/cmake/data/bin/cmake -E cmake_link_script CMakeFiles/cmTC_54fad.dir/link.txt --verbose=1
/usr/bin/cc -fPIC -DCHECK_FUNCTION_EXISTS=pthread_create CMakeFiles/cmTC_54fad.dir/CheckFunctionExists.c.o -o cmTC_54fad  -lpthreads 
/usr/bin/ld: cannot find -lpthreads
collect2: error: ld returned 1 exit status
CMakeFiles/cmTC_54fad.dir/build.make:98: recipe for target 'cmTC_54fad' failed
make[1]: *** [cmTC_54fad] Error 1
make[1]: Leaving directory '/content/drive/MyDrive/אוניברסיטה/תואר שני/בינתחומי/NLP/final_project/diffvg/build/temp.linux-x86_64-3.7/CMakeFiles/CMakeTmp'
Makefile:127: recipe for target 'cmTC_54fad/fast' failed
make: *** [cmTC_54fad/fast] Error 2



